<?xml version="1.0" encoding="UTF-8"?>
<!-- Generated by org.testng.reporters.JUnitReportReporter -->
<testsuite hostname="Vinutha" failures="0" tests="4" name="com.automation.Testscripts_SFDC.Automationscripts2_2" time="27.069" errors="0" timestamp="2024-11-01T21:51:26 CDT" skipped="0">
  <testcase classname="com.automation.Testscripts_SFDC.Automationscripts2_2" name="testforSalesforceLoginPage_SFDC" time="6.084"/>
  <system-out/>
  <testcase classname="com.automation.Testscripts_SFDC.Automationscripts2_2" name="testforPassword_SFDC" time="5.600"/>
  <system-out/>
  <testcase classname="com.automation.Testscripts_SFDC.Automationscripts2_2" name="testforRemebermecheckBOX_SFDC" time="7.812"/>
  <system-out/>
  <testcase classname="com.automation.Testscripts_SFDC.Automationscripts2_2" name="testForgotPasswordFunctionality" time="7.573"/>
  <system-out/>
</testsuite> <!-- com.automation.Testscripts_SFDC.Automationscripts2_2 -->
